#
# There is insufficient memory for the Java Runtime Environment to continue.
# Native memory allocation (malloc) failed to allocate 1048576 bytes for AllocateHeap
# Possible reasons:
#   The system is out of physical RAM or swap space
#   In 32 bit mode, the process size limit was hit
# Possible solutions:
#   Reduce memory load on the system
#   Increase physical memory or swap space
#   Check if swap backing store is full
#   Use 64 bit Java on a 64 bit OS
#   Decrease Java heap size (-Xmx/-Xms)
#   Decrease number of Java threads
#   Decrease Java thread stack sizes (-Xss)
#   Set larger code cache with -XX:ReservedCodeCacheSize=
# This output file may be truncated or incomplete.
#
#  Out of Memory Error (memory/allocation.inline.hpp:61), pid=2524, tid=0x0000000000002dd4
#
# JRE version:  (8.0_152-b02) (build )
# Java VM: OpenJDK 64-Bit Server VM (25.152-b02 mixed mode windows-amd64 compressed oops)
# Failed to write core dump. Minidumps are not enabled by default on client versions of Windows
#

---------------  T H R E A D  ---------------

Current thread (0x0000000002e83000):  JavaThread "Unknown thread" [_thread_in_vm, id=11732, stack(0x0000000002d60000,0x0000000002e60000)]

Stack: [0x0000000002d60000,0x0000000002e60000]
[error occurred during error reporting (printing stack bounds), id 0xc0000005]

Native frames: (J=compiled Java code, j=interpreted, Vv=VM code, C=native code)


---------------  P R O C E S S  ---------------

Java Threads: ( => current thread )

Other Threads:

=>0x0000000002e83000 (exited) JavaThread "Unknown thread" [_thread_in_vm, id=11732, stack(0x0000000002d60000,0x0000000002e60000)]

VM state:not at safepoint (normal execution)

VM Mutex/Monitor currently owned by a thread: None

Heap:
 PSYoungGen      total 153088K, used 2631K [0x0000000715a00000, 0x0000000720480000, 0x00000007c0000000)
  eden space 131584K, 2% used [0x0000000715a00000,0x0000000715c91ec8,0x000000071da80000)
  from space 21504K, 0% used [0x000000071ef80000,0x000000071ef80000,0x0000000720480000)
  to   space 21504K, 0% used [0x000000071da80000,0x000000071da80000,0x000000071ef80000)
 ParOldGen       total 349696K, used 0K [0x00000005c0e00000, 0x00000005d6380000, 0x0000000715a00000)
  object space 349696K, 0% used [0x00000005c0e00000,0x00000005c0e00000,0x00000005d6380000)
 Metaspace       used 772K, capacity 4480K, committed 4480K, reserved 1056768K
  class space    used 73K, capacity 384K, committed 384K, reserved 1048576K

Card table byte_map: [0x0000000012420000,0x0000000013420000] byte_map_base: 0x000000000f619000

Marking Bits: (ParMarkBitMap*) 0x00000000522a4970
 Begin Bits: [0x00000000146d0000, 0x000000001c698000)
 End Bits:   [0x000000001c698000, 0x0000000024660000)

Polling page: 0x0000000000bf0000

CodeCache: size=245760Kb used=328Kb max_used=328Kb free=245431Kb
 bounds [0x0000000003060000, 0x00000000032d0000, 0x0000000012060000]
 total_blobs=57 nmethods=0 adapters=38
 compilation: enabled

Compilation events (0 events):
No events

GC Heap History (0 events):
No events

Deoptimization events (0 events):
No events

Classes redefined (0 events):
No events

Internal exceptions (0 events):
No events

Events (10 events):
Event: 0.017 loading class java/lang/Short
Event: 0.017 loading class java/lang/Short done
Event: 0.017 loading class java/lang/Integer
Event: 0.017 loading class java/lang/Integer done
Event: 0.017 loading class java/lang/Long
Event: 0.017 loading class java/lang/Long done
Event: 0.018 loading class java/lang/NullPointerException
Event: 0.018 loading class java/lang/NullPointerException done
Event: 0.018 loading class java/lang/ArithmeticException
Event: 0.018 loading class java/lang/ArithmeticException done


Dynamic libraries:
0x00007ff7f5f50000 - 0x00007ff7f5f81000 	D:\Programas\Android Studio\jre\bin\java.EXE
0x00007ffaefe80000 - 0x00007ffaf0061000 	C:\WINDOWS\SYSTEM32\ntdll.dll
0x00007ffaefd90000 - 0x00007ffaefe42000 	C:\WINDOWS\System32\KERNEL32.DLL
0x00007ffaecf90000 - 0x00007ffaed203000 	C:\WINDOWS\System32\KERNELBASE.dll
0x00007ffaef960000 - 0x00007ffaefa01000 	C:\WINDOWS\System32\ADVAPI32.dll
0x00007ffaed780000 - 0x00007ffaed81e000 	C:\WINDOWS\System32\msvcrt.dll
0x00007ffaef830000 - 0x00007ffaef88b000 	C:\WINDOWS\System32\sechost.dll
0x00007ffaed320000 - 0x00007ffaed444000 	C:\WINDOWS\System32\RPCRT4.dll
0x00007ffaed5e0000 - 0x00007ffaed770000 	C:\WINDOWS\System32\USER32.dll
0x00007ffaec4a0000 - 0x00007ffaec4c0000 	C:\WINDOWS\System32\win32u.dll
0x00007ffaee240000 - 0x00007ffaee268000 	C:\WINDOWS\System32\GDI32.dll
0x00007ffaec250000 - 0x00007ffaec3e2000 	C:\WINDOWS\System32\gdi32full.dll
0x00007ffaecef0000 - 0x00007ffaecf8f000 	C:\WINDOWS\System32\msvcp_win.dll
0x00007ffaed210000 - 0x00007ffaed30a000 	C:\WINDOWS\System32\ucrtbase.dll
0x00007ffad2720000 - 0x00007ffad2989000 	C:\WINDOWS\WinSxS\amd64_microsoft.windows.common-controls_6595b64144ccf1df_6.0.17134.48_none_b4b2216a3cb4dd3e\COMCTL32.dll
0x00007ffaedf10000 - 0x00007ffaee233000 	C:\WINDOWS\System32\combase.dll
0x00007ffaec700000 - 0x00007ffaec77a000 	C:\WINDOWS\System32\bcryptPrimitives.dll
0x00007ffaed4b0000 - 0x00007ffaed4dd000 	C:\WINDOWS\System32\IMM32.DLL
0x00000000523e0000 - 0x00000000524b2000 	D:\Programas\Android Studio\jre\jre\bin\msvcr100.dll
0x0000000051ae0000 - 0x000000005231f000 	D:\Programas\Android Studio\jre\jre\bin\server\jvm.dll
0x00007ffaed310000 - 0x00007ffaed318000 	C:\WINDOWS\System32\PSAPI.DLL
0x00007ffad9640000 - 0x00007ffad9649000 	C:\WINDOWS\SYSTEM32\WSOCK32.dll
0x00007ffae6db0000 - 0x00007ffae6dba000 	C:\WINDOWS\SYSTEM32\VERSION.dll
0x00007ffae9ff0000 - 0x00007ffaea013000 	C:\WINDOWS\SYSTEM32\WINMM.dll
0x00007ffaeddf0000 - 0x00007ffaede5c000 	C:\WINDOWS\System32\WS2_32.dll
0x00007ffae9ed0000 - 0x00007ffae9efa000 	C:\WINDOWS\SYSTEM32\WINMMBASE.dll
0x00007ffaec6b0000 - 0x00007ffaec6f9000 	C:\WINDOWS\System32\cfgmgr32.dll
0x00007ffae7430000 - 0x00007ffae743f000 	D:\Programas\Android Studio\jre\jre\bin\verify.dll
0x00007ffae6480000 - 0x00007ffae64a9000 	D:\Programas\Android Studio\jre\jre\bin\java.dll
0x00007ffae4db0000 - 0x00007ffae4dc6000 	D:\Programas\Android Studio\jre\jre\bin\zip.dll

VM Arguments:
java_command: <unknown>
java_class_path (initial): .
Launcher Type: SUN_STANDARD

Environment Variables:
PATH=C:\Program Files (x86)\Intel\iCLS Client\;C:\Program Files\Intel\iCLS Client\;C:\Windows\system32;C:\Windows;C:\Windows\System32\Wbem;C:\Windows\System32\WindowsPowerShell\v1.0\;C:\Program Files (x86)\NVIDIA Corporation\PhysX\Common;C:\Program Files (x86)\GtkSharp\2.12\bin;C:\WINDOWS\system32;C:\WINDOWS;C:\WINDOWS\System32\Wbem;C:\WINDOWS\System32\WindowsPowerShell\v1.0\;C:\Users\Dani\.dnx\bin;C:\Program Files\Microsoft DNX\Dnvm\;C:\Program Files\Microsoft SQL Server\130\Tools\Binn\;C:\Program Files (x86)\Microsoft Emulator Manager\1.0\;C:\Program Files\Microsoft\Web Platform Installer\;C:\Program Files (x86)\Microsoft SQL Server\110\DTS\Binn\;C:\Program Files (x86)\Microsoft SQL Server\120\DTS\Binn\;C:\Program Files (x86)\Microsoft SQL Server\130\DTS\Binn\;C:\Program Files\dotnet\;C:\Program Files\Git\cmd;C:\Program Files (x86)\Intel\Intel(R) Management Engine Components\DAL;C:\Program Files\Intel\Intel(R) Management Engine Components\DAL;C:\Program Files (x86)\Intel\Intel(R) Management Engine Components\IPT;C:\Program Files\Intel\Intel(R) Management Engine Components\IPT;C:\Program Files\OpenSSH\bin;C:\Program Files\nodejs\;C:\WINDOWS\System32\OpenSSH\;C:\Users\Dani\AppData\Local\Programs\Python\Python36-32\Scripts\;C:\Users\Dani\AppData\Local\Programs\Python\Python36-32\;C:\Users\Dani\AppData\Local\Microsoft\WindowsApps;C:\Program Files (x86)\Microsoft VS Code\bin;C:\Users\Dani\Documents\GitHub\flutter\bin;C:\Program Files\Heroku\bin;C:\Users\Dani\AppData\Roaming\npm;
USERNAME=Dani
OS=Windows_NT
PROCESSOR_IDENTIFIER=Intel64 Family 6 Model 94 Stepping 3, GenuineIntel



---------------  S Y S T E M  ---------------

OS: Windows 10.0 , 64 bit Build 17134 (10.0.17134.1)

CPU:total 8 (initial active 8) (4 cores per cpu, 2 threads per core) family 6 model 94 stepping 3, cmov, cx8, fxsr, mmx, sse, sse2, sse3, ssse3, sse4.1, sse4.2, popcnt, avx, avx2, aes, clmul, erms, rtm, 3dnowpref, lzcnt, ht, tsc, tscinvbit, bmi1, bmi2, adx

Memory: 4k page, physical 33496760k(15910148k free), swap 34545336k(13032k free)

vm_info: OpenJDK 64-Bit Server VM (25.152-b02) for windows-amd64 JRE (1.8.0_152-release-1024-b02), built by "builder" with MS VC++ 10.0 (VS2010)

time: Fri Jun 01 18:45:07 2018
elapsed time: 0 seconds (0d 0h 0m 0s)

