#
# There is insufficient memory for the Java Runtime Environment to continue.
# Native memory allocation (malloc) failed to allocate 87792 bytes for Chunk::new
# Possible reasons:
#   The system is out of physical RAM or swap space
#   In 32 bit mode, the process size limit was hit
# Possible solutions:
#   Reduce memory load on the system
#   Increase physical memory or swap space
#   Check if swap backing store is full
#   Use 64 bit Java on a 64 bit OS
#   Decrease Java heap size (-Xmx/-Xms)
#   Decrease number of Java threads
#   Decrease Java thread stack sizes (-Xss)
#   Set larger code cache with -XX:ReservedCodeCacheSize=
# This output file may be truncated or incomplete.
#
#  Out of Memory Error (allocation.cpp:390), pid=27052, tid=0x0000000000005668
#
# JRE version: OpenJDK Runtime Environment (8.0_152-b02) (build 1.8.0_152-release-1024-b02)
# Java VM: OpenJDK 64-Bit Server VM (25.152-b02 mixed mode windows-amd64 compressed oops)
# Failed to write core dump. Minidumps are not enabled by default on client versions of Windows
#

---------------  T H R E A D  ---------------

Current thread (0x00000000187b4800):  JavaThread "C2 CompilerThread2" daemon [_thread_in_native, id=22120, stack(0x0000000019170000,0x0000000019270000)]

Stack: [0x0000000019170000,0x0000000019270000]
[error occurred during error reporting (printing stack bounds), id 0xc0000005]

Native frames: (J=compiled Java code, j=interpreted, Vv=VM code, C=native code)


Current CompileTask:
C2:  43471 10840       4       java.lang.ClassLoader::defineClass (43 bytes)


---------------  P R O C E S S  ---------------

Java Threads: ( => current thread )
  0x0000000021fbf800 JavaThread "pool-4-thread-1" [_thread_blocked, id=6084, stack(0x000000002c940000,0x000000002ca40000)]
  0x0000000021fc2800 JavaThread "ForkJoinPool.commonPool-worker-7" daemon [_thread_blocked, id=6612, stack(0x000000002c840000,0x000000002c940000)]
  0x0000000021fb8800 JavaThread "ForkJoinPool.commonPool-worker-6" daemon [_thread_blocked, id=27464, stack(0x000000002c740000,0x000000002c840000)]
  0x0000000021fbe800 JavaThread "ForkJoinPool.commonPool-worker-5" daemon [_thread_blocked, id=24592, stack(0x000000002c640000,0x000000002c740000)]
  0x0000000021fb8000 JavaThread "ForkJoinPool.commonPool-worker-4" daemon [_thread_blocked, id=19312, stack(0x000000002c540000,0x000000002c640000)]
  0x0000000021fbe000 JavaThread "ForkJoinPool.commonPool-worker-3" daemon [_thread_in_Java, id=21988, stack(0x000000002c440000,0x000000002c540000)]
  0x0000000021fbd000 JavaThread "ForkJoinPool.commonPool-worker-2" daemon [_thread_blocked, id=12732, stack(0x000000002c340000,0x000000002c440000)]
  0x0000000021fb9800 JavaThread "Cache worker for Java compile cache (C:\Users\Dani\Documents\GitHub\Flutter 2\MiMenu\mimenu\android\.gradle\4.1\javaCompile)" [_thread_blocked, id=14716, stack(0x000000002c240000,0x000000002c340000)]
  0x000000002093b000 JavaThread "ForkJoinPool.commonPool-worker-1" daemon [_thread_blocked, id=26384, stack(0x000000002a840000,0x000000002a940000)]
  0x0000000021fba000 JavaThread "Task worker for ':' Thread 7" [_thread_blocked, id=24480, stack(0x0000000028340000,0x0000000028440000)]
  0x000000001d777800 JavaThread "Task worker for ':' Thread 6" [_thread_blocked, id=2660, stack(0x0000000028240000,0x0000000028340000)]
  0x000000001d77c000 JavaThread "Task worker for ':' Thread 5" [_thread_blocked, id=12672, stack(0x0000000028140000,0x0000000028240000)]
  0x000000001d77a000 JavaThread "Task worker for ':' Thread 4" [_thread_blocked, id=13060, stack(0x0000000028040000,0x0000000028140000)]
  0x000000001d776800 JavaThread "Task worker for ':' Thread 3" [_thread_blocked, id=11424, stack(0x0000000027f40000,0x0000000028040000)]
  0x000000001d77d800 JavaThread "Task worker for ':' Thread 2" [_thread_blocked, id=3608, stack(0x0000000027e40000,0x0000000027f40000)]
  0x000000001d77b800 JavaThread "Task worker for ':'" [_thread_blocked, id=2284, stack(0x0000000027d40000,0x0000000027e40000)]
  0x000000001d77d000 JavaThread "Cache worker for task history cache (C:\Users\Dani\Documents\GitHub\Flutter 2\MiMenu\mimenu\android\.gradle\4.1\taskHistory)" [_thread_blocked, id=20072, stack(0x0000000027c40000,0x0000000027d40000)]
  0x000000001d778000 JavaThread "Cache worker for file content cache (C:\Users\Dani\Documents\GitHub\Flutter 2\MiMenu\mimenu\android\.gradle\4.1\fileContent)" [_thread_blocked, id=16036, stack(0x0000000027b40000,0x0000000027c40000)]
  0x0000000022db4800 JavaThread "build operations Thread 8" [_thread_blocked, id=8544, stack(0x0000000027a40000,0x0000000027b40000)]
  0x0000000022db3800 JavaThread "build operations Thread 7" [_thread_blocked, id=20584, stack(0x0000000027940000,0x0000000027a40000)]
  0x0000000022db3000 JavaThread "build operations Thread 6" [_thread_blocked, id=25876, stack(0x0000000027840000,0x0000000027940000)]
  0x0000000022db5000 JavaThread "build operations Thread 5" [_thread_blocked, id=10292, stack(0x0000000027740000,0x0000000027840000)]
  0x0000000022db1800 JavaThread "build operations Thread 4" [_thread_blocked, id=21284, stack(0x0000000027640000,0x0000000027740000)]
  0x0000000022db0800 JavaThread "build operations Thread 3" [_thread_blocked, id=5208, stack(0x0000000027540000,0x0000000027640000)]
  0x0000000022db2000 JavaThread "build operations Thread 2" [_thread_blocked, id=15412, stack(0x0000000027440000,0x0000000027540000)]
  0x0000000022db0000 JavaThread "build operations" [_thread_blocked, id=25392, stack(0x0000000027340000,0x0000000027440000)]
  0x0000000022daf000 JavaThread "Cache worker for Artifact transforms cache (C:\Users\Dani\.gradle\caches\transforms-1)" [_thread_blocked, id=11852, stack(0x0000000027240000,0x0000000027340000)]
  0x0000000022dac000 JavaThread "Cache worker for file hash cache (C:\Users\Dani\Documents\GitHub\Flutter 2\MiMenu\mimenu\android\.gradle\4.1\fileHashes)" [_thread_blocked, id=26352, stack(0x0000000027140000,0x0000000027240000)]
  0x0000000022dab800 JavaThread "Stdin handler" [_thread_blocked, id=4240, stack(0x0000000027040000,0x0000000027140000)]
  0x0000000022dae800 JavaThread "Asynchronous log dispatcher for DefaultDaemonConnection: socket connection from /127.0.0.1:55137 to /127.0.0.1:55152" [_thread_blocked, id=7496, stack(0x0000000026f40000,0x0000000027040000)]
  0x0000000022dad800 JavaThread "Cancel handler" [_thread_blocked, id=23276, stack(0x0000000026e40000,0x0000000026f40000)]
  0x0000000022da7000 JavaThread "Handler for socket connection from /127.0.0.1:55137 to /127.0.0.1:55152" [_thread_in_native, id=1736, stack(0x0000000026d40000,0x0000000026e40000)]
  0x0000000022da9000 JavaThread "Memory manager" [_thread_blocked, id=27280, stack(0x0000000024120000,0x0000000024220000)]
  0x000000001a894000 JavaThread "File lock request listener" [_thread_in_native, id=11520, stack(0x000000001cfb0000,0x000000001d0b0000)]
  0x000000001a6de000 JavaThread "Cache worker for file hash cache (C:\Users\Dani\.gradle\caches\4.1\fileHashes)" [_thread_blocked, id=13380, stack(0x000000001ceb0000,0x000000001cfb0000)]
  0x000000001a8bc800 JavaThread "Daemon worker" [_thread_blocked, id=24780, stack(0x000000001cab0000,0x000000001cbb0000)]
  0x000000001aec4800 JavaThread "Daemon" [_thread_blocked, id=26096, stack(0x000000001c5b0000,0x000000001c6b0000)]
  0x000000001a65a000 JavaThread "Daemon periodic checks" [_thread_blocked, id=27596, stack(0x000000001c4b0000,0x000000001c5b0000)]
  0x000000001a4f9000 JavaThread "Incoming local TCP Connector on port 55137" [_thread_in_native, id=14144, stack(0x000000001ad40000,0x000000001ae40000)]
  0x0000000018854000 JavaThread "Service Thread" daemon [_thread_blocked, id=26760, stack(0x0000000019370000,0x0000000019470000)]
  0x00000000187c5000 JavaThread "C1 CompilerThread3" daemon [_thread_blocked, id=24748, stack(0x0000000019270000,0x0000000019370000)]
=>0x00000000187b4800 JavaThread "C2 CompilerThread2" daemon [_thread_in_native, id=22120, stack(0x0000000019170000,0x0000000019270000)]
  0x00000000187b3800 JavaThread "C2 CompilerThread1" daemon [_thread_in_native, id=13584, stack(0x0000000019070000,0x0000000019170000)]
  0x00000000187af800 JavaThread "C2 CompilerThread0" daemon [_thread_in_native, id=12356, stack(0x0000000018f70000,0x0000000019070000)]
  0x00000000187ad800 JavaThread "Attach Listener" daemon [_thread_blocked, id=26340, stack(0x0000000018e70000,0x0000000018f70000)]
  0x00000000187ac800 JavaThread "Signal Dispatcher" daemon [_thread_blocked, id=9396, stack(0x0000000018d70000,0x0000000018e70000)]
  0x00000000187a0800 JavaThread "Finalizer" daemon [_thread_blocked, id=15552, stack(0x0000000018b80000,0x0000000018c80000)]
  0x0000000002ad8800 JavaThread "Reference Handler" daemon [_thread_blocked, id=24116, stack(0x0000000018680000,0x0000000018780000)]
  0x00000000029e3800 JavaThread "main" [_thread_blocked, id=20192, stack(0x0000000002800000,0x0000000002900000)]

Other Threads:
  0x0000000016898000 VMThread [stack: 0x0000000018580000,0x0000000018680000] [id=19056]
  0x000000001885e000 WatcherThread [stack: 0x0000000019470000,0x0000000019570000] [id=25400]

VM state:not at safepoint (normal execution)

VM Mutex/Monitor currently owned by a thread: None

Heap:
 PSYoungGen      total 270848K, used 239078K [0x00000000e0000000, 0x00000000f6200000, 0x0000000100000000)
  eden space 241152K, 86% used [0x00000000e0000000,0x00000000ecc7c7b0,0x00000000eeb80000)
  from space 29696K, 99% used [0x00000000eeb80000,0x00000000f087d200,0x00000000f0880000)
  to   space 33280K, 0% used [0x00000000f4180000,0x00000000f4180000,0x00000000f6200000)
 ParOldGen       total 516096K, used 123655K [0x00000000a0000000, 0x00000000bf800000, 0x00000000e0000000)
  object space 516096K, 23% used [0x00000000a0000000,0x00000000a78c1cf8,0x00000000bf800000)
 Metaspace       used 70666K, capacity 73690K, committed 73876K, reserved 1114112K
  class space    used 9365K, capacity 10054K, committed 10172K, reserved 1048576K

Card table byte_map: [0x0000000011ea0000,0x00000000121b0000] byte_map_base: 0x00000000119a0000

Marking Bits: (ParMarkBitMap*) 0x00000000522a4970
 Begin Bits: [0x0000000012bb0000, 0x00000000143b0000)
 End Bits:   [0x00000000143b0000, 0x0000000015bb0000)

Polling page: 0x0000000000a80000

CodeCache: size=245760Kb used=28599Kb max_used=28639Kb free=217160Kb
 bounds [0x0000000002ae0000, 0x0000000004700000, 0x0000000011ae0000]
 total_blobs=10138 nmethods=9314 adapters=736
 compilation: enabled

Compilation events (10 events):
Event: 43.457 Thread 0x00000000187af800 10846       4       java.lang.ClassLoader::compareCerts (149 bytes)
Event: 43.460 Thread 0x00000000187af800 nmethod 10846 0x00000000033d8850 code [0x00000000033d89c0, 0x00000000033d8d38]
Event: 43.461 Thread 0x00000000187c5000 10848       3       java.lang.invoke.InfoFromMemberName::getDeclaringClass (8 bytes)
Event: 43.461 Thread 0x00000000187c5000 nmethod 10848 0x0000000003ba6590 code [0x0000000003ba66e0, 0x0000000003ba68d0]
Event: 43.461 Thread 0x00000000187af800 10847       4       java.io.DataOutputStream::writeShort (35 bytes)
Event: 43.462 Thread 0x00000000187af800 nmethod 10847 0x0000000003968210 code [0x0000000003968360, 0x0000000003968438]
Event: 43.462 Thread 0x00000000187af800 10845       4       java.security.SecureClassLoader::defineClass (16 bytes)
Event: 43.464 Thread 0x00000000187c5000 10849       3       jdk.internal.org.objectweb.asm.MethodVisitor::visitEnd (15 bytes)
Event: 43.465 Thread 0x00000000187c5000 nmethod 10849 0x0000000002c5fd90 code [0x0000000002c5ff00, 0x0000000002c60168]
Event: 43.465 Thread 0x00000000187c5000 10853       3       java.lang.invoke.InnerClassLambdaMetafactory::spinInnerClass (515 bytes)

GC Heap History (10 events):
Event: 15.458 GC heap before
{Heap before GC invocations=8 (full 2):
 PSYoungGen      total 210432K, used 206936K [0x00000000e0000000, 0x00000000f1c00000, 0x0000000100000000)
  eden space 188928K, 100% used [0x00000000e0000000,0x00000000eb880000,0x00000000eb880000)
  from space 21504K, 83% used [0x00000000eb880000,0x00000000eca16278,0x00000000ecd80000)
  to   space 19968K, 0% used [0x00000000f0880000,0x00000000f0880000,0x00000000f1c00000)
 ParOldGen       total 342528K, used 15260K [0x00000000a0000000, 0x00000000b4e80000, 0x00000000e0000000)
  object space 342528K, 4% used [0x00000000a0000000,0x00000000a0ee71a8,0x00000000b4e80000)
 Metaspace       used 55782K, capacity 57942K, committed 58200K, reserved 1099776K
  class space    used 7461K, capacity 7962K, committed 8064K, reserved 1048576K
Event: 15.476 GC heap after
Heap after GC invocations=8 (full 2):
 PSYoungGen      total 261120K, used 19957K [0x00000000e0000000, 0x00000000f2580000, 0x0000000100000000)
  eden space 241152K, 0% used [0x00000000e0000000,0x00000000e0000000,0x00000000eeb80000)
  from space 19968K, 99% used [0x00000000f0880000,0x00000000f1bfd758,0x00000000f1c00000)
  to   space 29696K, 0% used [0x00000000eeb80000,0x00000000eeb80000,0x00000000f0880000)
 ParOldGen       total 342528K, used 27558K [0x00000000a0000000, 0x00000000b4e80000, 0x00000000e0000000)
  object space 342528K, 8% used [0x00000000a0000000,0x00000000a1ae98b8,0x00000000b4e80000)
 Metaspace       used 55782K, capacity 57942K, committed 58200K, reserved 1099776K
  class space    used 7461K, capacity 7962K, committed 8064K, reserved 1048576K
}
Event: 36.784 GC heap before
{Heap before GC invocations=9 (full 2):
 PSYoungGen      total 261120K, used 121096K [0x00000000e0000000, 0x00000000f2580000, 0x0000000100000000)
  eden space 241152K, 41% used [0x00000000e0000000,0x00000000e62c49b8,0x00000000eeb80000)
  from space 19968K, 99% used [0x00000000f0880000,0x00000000f1bfd758,0x00000000f1c00000)
  to   space 29696K, 0% used [0x00000000eeb80000,0x00000000eeb80000,0x00000000f0880000)
 ParOldGen       total 342528K, used 27558K [0x00000000a0000000, 0x00000000b4e80000, 0x00000000e0000000)
  object space 342528K, 8% used [0x00000000a0000000,0x00000000a1ae98b8,0x00000000b4e80000)
 Metaspace       used 56834K, capacity 58942K, committed 59028K, reserved 1099776K
  class space    used 7585K, capacity 8072K, committed 8124K, reserved 1048576K
Event: 36.799 GC heap after
Heap after GC invocations=9 (full 2):
 PSYoungGen      total 270848K, used 26389K [0x00000000e0000000, 0x00000000f6200000, 0x0000000100000000)
  eden space 241152K, 0% used [0x00000000e0000000,0x00000000e0000000,0x00000000eeb80000)
  from space 29696K, 88% used [0x00000000eeb80000,0x00000000f0545788,0x00000000f0880000)
  to   space 33280K, 0% used [0x00000000f4180000,0x00000000f4180000,0x00000000f6200000)
 ParOldGen       total 342528K, used 27566K [0x00000000a0000000, 0x00000000b4e80000, 0x00000000e0000000)
  object space 342528K, 8% used [0x00000000a0000000,0x00000000a1aeb8b8,0x00000000b4e80000)
 Metaspace       used 56834K, capacity 58942K, committed 59028K, reserved 1099776K
  class space    used 7585K, capacity 8072K, committed 8124K, reserved 1048576K
}
Event: 36.799 GC heap before
{Heap before GC invocations=10 (full 3):
 PSYoungGen      total 270848K, used 26389K [0x00000000e0000000, 0x00000000f6200000, 0x0000000100000000)
  eden space 241152K, 0% used [0x00000000e0000000,0x00000000e0000000,0x00000000eeb80000)
  from space 29696K, 88% used [0x00000000eeb80000,0x00000000f0545788,0x00000000f0880000)
  to   space 33280K, 0% used [0x00000000f4180000,0x00000000f4180000,0x00000000f6200000)
 ParOldGen       total 342528K, used 27566K [0x00000000a0000000, 0x00000000b4e80000, 0x00000000e0000000)
  object space 342528K, 8% used [0x00000000a0000000,0x00000000a1aeb8b8,0x00000000b4e80000)
 Metaspace       used 56834K, capacity 58942K, committed 59028K, reserved 1099776K
  class space    used 7585K, capacity 8072K, committed 8124K, reserved 1048576K
Event: 36.959 GC heap after
Heap after GC invocations=10 (full 3):
 PSYoungGen      total 270848K, used 0K [0x00000000e0000000, 0x00000000f6200000, 0x0000000100000000)
  eden space 241152K, 0% used [0x00000000e0000000,0x00000000e0000000,0x00000000eeb80000)
  from space 29696K, 0% used [0x00000000eeb80000,0x00000000eeb80000,0x00000000f0880000)
  to   space 33280K, 0% used [0x00000000f4180000,0x00000000f4180000,0x00000000f6200000)
 ParOldGen       total 516096K, used 41010K [0x00000000a0000000, 0x00000000bf800000, 0x00000000e0000000)
  object space 516096K, 7% used [0x00000000a0000000,0x00000000a280cbe8,0x00000000bf800000)
 Metaspace       used 56834K, capacity 58942K, committed 59028K, reserved 1099776K
  class space    used 7585K, capacity 8072K, committed 8124K, reserved 1048576K
}
Event: 41.851 GC heap before
{Heap before GC invocations=11 (full 3):
 PSYoungGen      total 270848K, used 240177K [0x00000000e0000000, 0x00000000f6200000, 0x0000000100000000)
  eden space 241152K, 99% used [0x00000000e0000000,0x00000000eea8c418,0x00000000eeb80000)
  from space 29696K, 0% used [0x00000000eeb80000,0x00000000eeb80000,0x00000000f0880000)
  to   space 33280K, 0% used [0x00000000f4180000,0x00000000f4180000,0x00000000f6200000)
 ParOldGen       total 516096K, used 41010K [0x00000000a0000000, 0x00000000bf800000, 0x00000000e0000000)
  object space 516096K, 7% used [0x00000000a0000000,0x00000000a280cbe8,0x00000000bf800000)
 Metaspace       used 68525K, capacity 71344K, committed 71572K, reserved 1112064K
  class space    used 9006K, capacity 9637K, committed 9660K, reserved 1048576K
Event: 41.863 GC heap after
Heap after GC invocations=11 (full 3):
 PSYoungGen      total 274432K, used 29755K [0x00000000e0000000, 0x00000000f6200000, 0x0000000100000000)
  eden space 241152K, 0% used [0x00000000e0000000,0x00000000e0000000,0x00000000eeb80000)
  from space 33280K, 89% used [0x00000000f4180000,0x00000000f5e8ec90,0x00000000f6200000)
  to   space 29696K, 0% used [0x00000000eeb80000,0x00000000eeb80000,0x00000000f0880000)
 ParOldGen       total 516096K, used 41026K [0x00000000a0000000, 0x00000000bf800000, 0x00000000e0000000)
  object space 516096K, 7% used [0x00000000a0000000,0x00000000a2810be8,0x00000000bf800000)
 Metaspace       used 68525K, capacity 71344K, committed 71572K, reserved 1112064K
  class space    used 9006K, capacity 9637K, committed 9660K, reserved 1048576K
}
Event: 42.643 GC heap before
{Heap before GC invocations=12 (full 3):
 PSYoungGen      total 274432K, used 265942K [0x00000000e0000000, 0x00000000f6200000, 0x0000000100000000)
  eden space 241152K, 97% used [0x00000000e0000000,0x00000000ee6a6cf0,0x00000000eeb80000)
  from space 33280K, 89% used [0x00000000f4180000,0x00000000f5e8ec90,0x00000000f6200000)
  to   space 29696K, 0% used [0x00000000eeb80000,0x00000000eeb80000,0x00000000f0880000)
 ParOldGen       total 516096K, used 41026K [0x00000000a0000000, 0x00000000bf800000, 0x00000000e0000000)
  object space 516096K, 7% used [0x00000000a0000000,0x00000000a2810be8,0x00000000bf800000)
 Metaspace       used 70509K, capacity 73520K, committed 73876K, reserved 1114112K
  class space    used 9336K, capacity 10045K, committed 10172K, reserved 1048576K
Event: 42.668 GC heap after
Heap after GC invocations=12 (full 3):
 PSYoungGen      total 270848K, used 29684K [0x00000000e0000000, 0x00000000f6200000, 0x0000000100000000)
  eden space 241152K, 0% used [0x00000000e0000000,0x00000000e0000000,0x00000000eeb80000)
  from space 29696K, 99% used [0x00000000eeb80000,0x00000000f087d200,0x00000000f0880000)
  to   space 33280K, 0% used [0x00000000f4180000,0x00000000f4180000,0x00000000f6200000)
 ParOldGen       total 516096K, used 123655K [0x00000000a0000000, 0x00000000bf800000, 0x00000000e0000000)
  object space 516096K, 23% used [0x00000000a0000000,0x00000000a78c1cf8,0x00000000bf800000)
 Metaspace       used 70509K, capacity 73520K, committed 73876K, reserved 1114112K
  class space    used 9336K, capacity 10045K, committed 10172K, reserved 1048576K
}

Deoptimization events (10 events):
Event: 42.318 Thread 0x0000000021fbe000 Uncommon trap: reason=bimorphic action=maybe_recompile pc=0x0000000003a1b2e4 method=java.io.DataInputStream.readUnsignedShort()I @ 4
Event: 42.318 Thread 0x0000000021fbe000 Uncommon trap: reason=bimorphic action=maybe_recompile pc=0x0000000003a1b2e4 method=java.io.DataInputStream.readUnsignedShort()I @ 4
Event: 42.340 Thread 0x0000000021fbe000 Uncommon trap: reason=class_check action=maybe_recompile pc=0x00000000034f4bc0 method=java.lang.Throwable.<init>(Ljava/lang/String;Ljava/lang/Throwable;)V @ 24
Event: 42.353 Thread 0x0000000021fbe000 Uncommon trap: reason=unstable_if action=reinterpret pc=0x0000000004646fd8 method=java.nio.Bits.copyToArray(JLjava/lang/Object;JJJ)V @ 19
Event: 42.353 Thread 0x0000000021fbe000 Uncommon trap: reason=bimorphic action=maybe_recompile pc=0x0000000004689cf0 method=com.google.common.io.ByteStreams.copy(Ljava/io/InputStream;Ljava/io/OutputStream;)J @ 18
Event: 42.357 Thread 0x0000000021fbe000 Uncommon trap: reason=bimorphic action=maybe_recompile pc=0x0000000004689cf0 method=com.google.common.io.ByteStreams.copy(Ljava/io/InputStream;Ljava/io/OutputStream;)J @ 18
Event: 42.358 Thread 0x0000000021fbe000 Uncommon trap: reason=class_check action=maybe_recompile pc=0x000000000465576c method=java.io.SequenceInputStream.read([BII)I @ 58
Event: 42.358 Thread 0x0000000021fbe000 Uncommon trap: reason=class_check action=maybe_recompile pc=0x000000000465576c method=java.io.SequenceInputStream.read([BII)I @ 58
Event: 42.358 Thread 0x0000000021fbe000 Uncommon trap: reason=class_check action=maybe_recompile pc=0x000000000465576c method=java.io.SequenceInputStream.read([BII)I @ 58
Event: 42.358 Thread 0x0000000021fbe000 Uncommon trap: reason=class_check action=maybe_recompile pc=0x000000000465576c method=java.io.SequenceInputStream.read([BII)I @ 58

Classes redefined (0 events):
No events

Internal exceptions (10 events):
Event: 40.160 Thread 0x0000000021fbe000 Exception <a 'sun/nio/fs/WindowsException'> (0x00000000e95d1530) thrown at [D:\src\AOSP-openjdk-cygwin\jdk8u\hotspot\src\share\vm\prims\jni.cpp, line 709]
Event: 40.160 Thread 0x0000000021fbe000 Exception <a 'sun/nio/fs/WindowsException'> (0x00000000e95d1d08) thrown at [D:\src\AOSP-openjdk-cygwin\jdk8u\hotspot\src\share\vm\prims\jni.cpp, line 709]
Event: 40.160 Thread 0x0000000021fbe000 Exception <a 'sun/nio/fs/WindowsException'> (0x00000000e95d2588) thrown at [D:\src\AOSP-openjdk-cygwin\jdk8u\hotspot\src\share\vm\prims\jni.cpp, line 709]
Event: 40.160 Thread 0x0000000021fbe000 Exception <a 'sun/nio/fs/WindowsException'> (0x00000000e95d2d10) thrown at [D:\src\AOSP-openjdk-cygwin\jdk8u\hotspot\src\share\vm\prims\jni.cpp, line 709]
Event: 40.160 Thread 0x0000000021fbe000 Exception <a 'sun/nio/fs/WindowsException'> (0x00000000e95d3590) thrown at [D:\src\AOSP-openjdk-cygwin\jdk8u\hotspot\src\share\vm\prims\jni.cpp, line 709]
Event: 40.475 Thread 0x000000001d77b800 Exception <a 'java/lang/NoSuchMethodError': java.lang.Object.lambda$asRunnable$0(Lcom/android/apkzlib/utils/IOExceptionRunnable;)V> (0x00000000eb567c00) thrown at [D:\src\AOSP-openjdk-cygwin\jdk8u\hotspot\src\share\vm\interpreter\linkResolver.cpp, line 58
Event: 41.070 Thread 0x000000001d77b800 Exception <a 'java/lang/NoSuchMethodError': <clinit>> (0x00000000ebaa10b0) thrown at [D:\src\AOSP-openjdk-cygwin\jdk8u\hotspot\src\share\vm\prims\jni.cpp, line 1613]
Event: 42.116 Thread 0x000000001d77b800 Implicit null exception at 0x00000000036d4dff to 0x00000000036d4fd9
Event: 42.343 Thread 0x0000000021fbe000 Exception <a 'java/lang/NoSuchMethodError': java.lang.Object.lambda$comparing$ea9a8b3a$1(Ljava/util/Comparator;Ljava/util/function/Function;Ljava/lang/Object;Ljava/lang/Object;)I> (0x00000000e277d968) thrown at [D:\src\AOSP-openjdk-cygwin\jdk8u\hotspot\sr
Event: 42.351 Thread 0x0000000021fbe000 Exception <a 'java/lang/NoSuchMethodError': java.lang.Object.lambda$or$2(Ljava/util/function/Predicate;Ljava/lang/Object;)Z> (0x00000000e28f0498) thrown at [D:\src\AOSP-openjdk-cygwin\jdk8u\hotspot\src\share\vm\interpreter\linkResolver.cpp, line 584]

Events (10 events):
Event: 43.465 loading class com/android/apkzlib/zip/ExtraField$Segment done
Event: 43.465 loading class com/android/apkzlib/zip/ExtraField$Segment
Event: 43.465 loading class com/android/apkzlib/zip/ExtraField$Segment done
Event: 43.466 loading class java/util/stream/ReduceOps$1
Event: 43.466 loading class java/util/stream/ReduceOps$1 done
Event: 43.466 loading class java/util/stream/ReduceOps$1ReducingSink
Event: 43.466 loading class java/util/stream/ReduceOps$1ReducingSink done
Event: 43.466 loading class com/android/apkzlib/zip/ExtraField$AlignmentSegment
Event: 43.466 loading class com/android/apkzlib/zip/ExtraField$AlignmentSegment done
Event: 43.467 Executing VM operation: RevokeBias


Dynamic libraries:
0x00007ff7f5f50000 - 0x00007ff7f5f81000 	D:\Programas\Android Studio\jre\bin\java.exe
0x00007ffaefe80000 - 0x00007ffaf0061000 	C:\WINDOWS\SYSTEM32\ntdll.dll
0x00007ffaefd90000 - 0x00007ffaefe42000 	C:\WINDOWS\System32\KERNEL32.DLL
0x00007ffaecf90000 - 0x00007ffaed203000 	C:\WINDOWS\System32\KERNELBASE.dll
0x00007ffaef960000 - 0x00007ffaefa01000 	C:\WINDOWS\System32\ADVAPI32.dll
0x00007ffaed780000 - 0x00007ffaed81e000 	C:\WINDOWS\System32\msvcrt.dll
0x00007ffaef830000 - 0x00007ffaef88b000 	C:\WINDOWS\System32\sechost.dll
0x00007ffaed320000 - 0x00007ffaed444000 	C:\WINDOWS\System32\RPCRT4.dll
0x00007ffaed5e0000 - 0x00007ffaed770000 	C:\WINDOWS\System32\USER32.dll
0x00007ffaec4a0000 - 0x00007ffaec4c0000 	C:\WINDOWS\System32\win32u.dll
0x00007ffaee240000 - 0x00007ffaee268000 	C:\WINDOWS\System32\GDI32.dll
0x00007ffaec250000 - 0x00007ffaec3e2000 	C:\WINDOWS\System32\gdi32full.dll
0x00007ffaecef0000 - 0x00007ffaecf8f000 	C:\WINDOWS\System32\msvcp_win.dll
0x00007ffaed210000 - 0x00007ffaed30a000 	C:\WINDOWS\System32\ucrtbase.dll
0x00007ffad2720000 - 0x00007ffad2989000 	C:\WINDOWS\WinSxS\amd64_microsoft.windows.common-controls_6595b64144ccf1df_6.0.17134.48_none_b4b2216a3cb4dd3e\COMCTL32.dll
0x00007ffaedf10000 - 0x00007ffaee233000 	C:\WINDOWS\System32\combase.dll
0x00007ffaec700000 - 0x00007ffaec77a000 	C:\WINDOWS\System32\bcryptPrimitives.dll
0x00007ffaed4b0000 - 0x00007ffaed4dd000 	C:\WINDOWS\System32\IMM32.DLL
0x00000000523e0000 - 0x00000000524b2000 	D:\Programas\Android Studio\jre\jre\bin\msvcr100.dll
0x0000000051ae0000 - 0x000000005231f000 	D:\Programas\Android Studio\jre\jre\bin\server\jvm.dll
0x00007ffaed310000 - 0x00007ffaed318000 	C:\WINDOWS\System32\PSAPI.DLL
0x00007ffae9ff0000 - 0x00007ffaea013000 	C:\WINDOWS\SYSTEM32\WINMM.dll
0x00007ffad9640000 - 0x00007ffad9649000 	C:\WINDOWS\SYSTEM32\WSOCK32.dll
0x00007ffae6db0000 - 0x00007ffae6dba000 	C:\WINDOWS\SYSTEM32\VERSION.dll
0x00007ffaeddf0000 - 0x00007ffaede5c000 	C:\WINDOWS\System32\WS2_32.dll
0x00007ffae9ed0000 - 0x00007ffae9efa000 	C:\WINDOWS\SYSTEM32\winmmbase.dll
0x00007ffaec6b0000 - 0x00007ffaec6f9000 	C:\WINDOWS\System32\cfgmgr32.dll
0x00007ffae7500000 - 0x00007ffae750f000 	D:\Programas\Android Studio\jre\jre\bin\verify.dll
0x00007ffae6480000 - 0x00007ffae64a9000 	D:\Programas\Android Studio\jre\jre\bin\java.dll
0x00007ffae58c0000 - 0x00007ffae58d6000 	D:\Programas\Android Studio\jre\jre\bin\zip.dll
0x00007ffaee390000 - 0x00007ffaef7d0000 	C:\WINDOWS\System32\SHELL32.dll
0x00007ffaede60000 - 0x00007ffaedf09000 	C:\WINDOWS\System32\shcore.dll
0x00007ffaec7e0000 - 0x00007ffaeceed000 	C:\WINDOWS\System32\windows.storage.dll
0x00007ffaed450000 - 0x00007ffaed4a1000 	C:\WINDOWS\System32\shlwapi.dll
0x00007ffaec210000 - 0x00007ffaec221000 	C:\WINDOWS\System32\kernel.appcore.dll
0x00007ffaec230000 - 0x00007ffaec24f000 	C:\WINDOWS\System32\profapi.dll
0x00007ffaec1b0000 - 0x00007ffaec1fc000 	C:\WINDOWS\System32\powrprof.dll
0x00007ffaec200000 - 0x00007ffaec20a000 	C:\WINDOWS\System32\FLTLIB.DLL
0x00007ffae4fa0000 - 0x00007ffae4fba000 	D:\Programas\Android Studio\jre\jre\bin\net.dll
0x00007ffaeba10000 - 0x00007ffaeba76000 	C:\WINDOWS\system32\mswsock.dll
0x00007ffae4f80000 - 0x00007ffae4f91000 	D:\Programas\Android Studio\jre\jre\bin\nio.dll
0x00007ffae4f20000 - 0x00007ffae4f3e000 	C:\Users\Dani\.gradle\native\25\windows-amd64\native-platform.dll
0x00007ffae74f0000 - 0x00007ffae74fd000 	D:\Programas\Android Studio\jre\jre\bin\management.dll
0x00007ffaebbd0000 - 0x00007ffaebbe7000 	C:\WINDOWS\SYSTEM32\CRYPTSP.dll
0x00007ffaeb5f0000 - 0x00007ffaeb623000 	C:\WINDOWS\system32\rsaenh.dll
0x00007ffaebcf0000 - 0x00007ffaebd15000 	C:\WINDOWS\SYSTEM32\bcrypt.dll
0x00007ffaec090000 - 0x00007ffaec0b8000 	C:\WINDOWS\SYSTEM32\USERENV.dll
0x00007ffaebbc0000 - 0x00007ffaebbcb000 	C:\WINDOWS\SYSTEM32\CRYPTBASE.dll
0x00007ffaeb790000 - 0x00007ffaeb7c8000 	C:\WINDOWS\SYSTEM32\IPHLPAPI.DLL
0x00007ffaed4e0000 - 0x00007ffaed4e8000 	C:\WINDOWS\System32\NSI.dll
0x00007ffae7380000 - 0x00007ffae7396000 	C:\WINDOWS\SYSTEM32\dhcpcsvc6.DLL
0x00007ffae7350000 - 0x00007ffae736a000 	C:\WINDOWS\SYSTEM32\dhcpcsvc.DLL
0x00007ffaea110000 - 0x00007ffaea19b000 	C:\WINDOWS\system32\apphelp.dll
0x00007ffae4d30000 - 0x00007ffae4d54000 	D:\Programas\Android Studio\jre\jre\bin\sunec.dll
0x00007ffae7430000 - 0x00007ffae743b000 	D:\Programas\Android Studio\jre\jre\bin\sunmscapi.dll
0x00007ffaec4c0000 - 0x00007ffaec6a2000 	C:\WINDOWS\System32\CRYPT32.dll
0x00007ffaec190000 - 0x00007ffaec1a2000 	C:\WINDOWS\System32\MSASN1.dll

VM Arguments:
jvm_args: -Xmx1536M -Dfile.encoding=windows-1252 -Duser.country=US -Duser.language=en -Duser.variant 
java_command: org.gradle.launcher.daemon.bootstrap.GradleDaemon 4.1
java_class_path (initial): C:\Users\Dani\.gradle\wrapper\dists\gradle-4.1-all\bzyivzo6n839fup2jbap0tjew\gradle-4.1\lib\gradle-launcher-4.1.jar
Launcher Type: SUN_STANDARD

Environment Variables:
JAVA_HOME=D:\Programas\Android Studio\jre
CLASSPATH=C:\Users\Dani\Documents\GitHub\Flutter 2\MiMenu\mimenu\android\\gradle\wrapper\gradle-wrapper.jar
PATH=C:\Program Files (x86)\Intel\iCLS Client\;C:\Program Files\Intel\iCLS Client\;C:\Windows\system32;C:\Windows;C:\Windows\System32\Wbem;C:\Windows\System32\WindowsPowerShell\v1.0\;C:\Program Files (x86)\NVIDIA Corporation\PhysX\Common;C:\Program Files (x86)\GtkSharp\2.12\bin;C:\WINDOWS\system32;C:\WINDOWS;C:\WINDOWS\System32\Wbem;C:\WINDOWS\System32\WindowsPowerShell\v1.0\;C:\Users\Dani\.dnx\bin;C:\Program Files\Microsoft DNX\Dnvm\;C:\Program Files\Microsoft SQL Server\130\Tools\Binn\;C:\Program Files (x86)\Microsoft Emulator Manager\1.0\;C:\Program Files\Microsoft\Web Platform Installer\;C:\Program Files (x86)\Microsoft SQL Server\110\DTS\Binn\;C:\Program Files (x86)\Microsoft SQL Server\120\DTS\Binn\;C:\Program Files (x86)\Microsoft SQL Server\130\DTS\Binn\;C:\Program Files\dotnet\;C:\Program Files\Git\cmd;C:\Program Files (x86)\Intel\Intel(R) Management Engine Components\DAL;C:\Program Files\Intel\Intel(R) Management Engine Components\DAL;C:\Program Files (x86)\Intel\Intel(R) Management Engine Components\IPT;C:\Program Files\Intel\Intel(R) Management Engine Components\IPT;C:\Program Files\OpenSSH\bin;C:\Program Files\nodejs\;C:\WINDOWS\System32\OpenSSH\;C:\Users\Dani\AppData\Local\Programs\Python\Python36-32\Scripts\;C:\Users\Dani\AppData\Local\Programs\Python\Python36-32\;C:\Users\Dani\AppData\Local\Microsoft\WindowsApps;C:\Program Files (x86)\Microsoft VS Code\bin;C:\Users\Dani\Documents\GitHub\flutter\bin;C:\Program Files\Heroku\bin;C:\Users\Dani\AppData\Roaming\npm;
USERNAME=Dani
OS=Windows_NT
PROCESSOR_IDENTIFIER=Intel64 Family 6 Model 94 Stepping 3, GenuineIntel



---------------  S Y S T E M  ---------------

OS: Windows 10.0 , 64 bit Build 17134 (10.0.17134.1)

CPU:total 8 (initial active 8) (4 cores per cpu, 2 threads per core) family 6 model 94 stepping 3, cmov, cx8, fxsr, mmx, sse, sse2, sse3, ssse3, sse4.1, sse4.2, popcnt, avx, avx2, aes, clmul, erms, rtm, 3dnowpref, lzcnt, ht, tsc, tscinvbit, bmi1, bmi2, adx

Memory: 4k page, physical 33496760k(16403676k free), swap 34545336k(4644k free)

vm_info: OpenJDK 64-Bit Server VM (25.152-b02) for windows-amd64 JRE (1.8.0_152-release-1024-b02), built by "builder" with MS VC++ 10.0 (VS2010)

time: Fri Jun 01 18:54:09 2018
elapsed time: 43 seconds (0d 0h 0m 43s)

