#
# There is insufficient memory for the Java Runtime Environment to continue.
# Native memory allocation (malloc) failed to allocate 32744 bytes for ChunkPool::allocate
# Possible reasons:
#   The system is out of physical RAM or swap space
#   In 32 bit mode, the process size limit was hit
# Possible solutions:
#   Reduce memory load on the system
#   Increase physical memory or swap space
#   Check if swap backing store is full
#   Use 64 bit Java on a 64 bit OS
#   Decrease Java heap size (-Xmx/-Xms)
#   Decrease number of Java threads
#   Decrease Java thread stack sizes (-Xss)
#   Set larger code cache with -XX:ReservedCodeCacheSize=
# This output file may be truncated or incomplete.
#
#  Out of Memory Error (allocation.cpp:273), pid=26108, tid=0x000000000000605c
#
# JRE version: OpenJDK Runtime Environment (8.0_152-b02) (build 1.8.0_152-release-1024-b02)
# Java VM: OpenJDK 64-Bit Server VM (25.152-b02 mixed mode windows-amd64 compressed oops)
# Failed to write core dump. Minidumps are not enabled by default on client versions of Windows
#

---------------  T H R E A D  ---------------

Current thread (0x00000000260ad800):  JavaThread "C1 CompilerThread3" daemon [_thread_in_native, id=24668, stack(0x0000000028a70000,0x0000000028b70000)]

Stack: [0x0000000028a70000,0x0000000028b70000]
[error occurred during error reporting (printing stack bounds), id 0xc0000005]

Native frames: (J=compiled Java code, j=interpreted, Vv=VM code, C=native code)


Current CompileTask:
C1:  37592  869       3       sun.nio.cs.UTF_8$Decoder::decode (779 bytes)


---------------  P R O C E S S  ---------------

Java Threads: ( => current thread )
  0x000000002963f000 JavaThread "forward input" [_thread_blocked, id=15040, stack(0x000000002ac80000,0x000000002ad80000)]
  0x000000002956c800 JavaThread "DisconnectableInputStream source reader" daemon [_thread_in_native, id=20956, stack(0x000000002ab80000,0x000000002ac80000)]
  0x0000000028054800 JavaThread "Service Thread" daemon [_thread_blocked, id=2768, stack(0x0000000028b70000,0x0000000028c70000)]
=>0x00000000260ad800 JavaThread "C1 CompilerThread3" daemon [_thread_in_native, id=24668, stack(0x0000000028a70000,0x0000000028b70000)]
  0x00000000260ac800 JavaThread "C2 CompilerThread2" daemon [_thread_blocked, id=2304, stack(0x0000000028970000,0x0000000028a70000)]
  0x0000000027fbc000 JavaThread "C2 CompilerThread1" daemon [_thread_in_native, id=6204, stack(0x0000000028870000,0x0000000028970000)]
  0x0000000027fb6800 JavaThread "C2 CompilerThread0" daemon [_thread_blocked, id=25456, stack(0x0000000028770000,0x0000000028870000)]
  0x0000000027fb4800 JavaThread "Attach Listener" daemon [_thread_blocked, id=7664, stack(0x0000000028670000,0x0000000028770000)]
  0x0000000027fb2000 JavaThread "Signal Dispatcher" daemon [_thread_blocked, id=25148, stack(0x0000000028570000,0x0000000028670000)]
  0x0000000027fa0800 JavaThread "Finalizer" daemon [_thread_blocked, id=26788, stack(0x0000000028380000,0x0000000028480000)]
  0x00000000030a9800 JavaThread "Reference Handler" daemon [_thread_blocked, id=1172, stack(0x0000000027e80000,0x0000000027f80000)]
  0x0000000002fb3800 JavaThread "main" [_thread_in_native, id=21992, stack(0x0000000002eb0000,0x0000000002fb0000)]

Other Threads:
  0x0000000026098000 VMThread [stack: 0x0000000027d80000,0x0000000027e80000] [id=26208]
  0x0000000028056800 WatcherThread [stack: 0x0000000028c70000,0x0000000028d70000] [id=5252]

VM state:not at safepoint (normal execution)

VM Mutex/Monitor currently owned by a thread: None

Heap:
 PSYoungGen      total 153088K, used 34212K [0x0000000715a00000, 0x0000000720480000, 0x00000007c0000000)
  eden space 131584K, 26% used [0x0000000715a00000,0x0000000717b691c0,0x000000071da80000)
  from space 21504K, 0% used [0x000000071ef80000,0x000000071ef80000,0x0000000720480000)
  to   space 21504K, 0% used [0x000000071da80000,0x000000071da80000,0x000000071ef80000)
 ParOldGen       total 349696K, used 0K [0x00000005c0e00000, 0x00000005d6380000, 0x0000000715a00000)
  object space 349696K, 0% used [0x00000005c0e00000,0x00000005c0e00000,0x00000005d6380000)
 Metaspace       used 10041K, capacity 10416K, committed 10752K, reserved 1058816K
  class space    used 1304K, capacity 1430K, committed 1536K, reserved 1048576K

Card table byte_map: [0x0000000012470000,0x0000000013470000] byte_map_base: 0x000000000f669000

Marking Bits: (ParMarkBitMap*) 0x00000000522a4970
 Begin Bits: [0x0000000014720000, 0x000000001c6e8000)
 End Bits:   [0x000000001c6e8000, 0x00000000246b0000)

Polling page: 0x0000000001530000

CodeCache: size=245760Kb used=3041Kb max_used=3041Kb free=242718Kb
 bounds [0x00000000030b0000, 0x00000000033b0000, 0x00000000120b0000]
 total_blobs=1208 nmethods=866 adapters=256
 compilation: enabled

Compilation events (10 events):
Event: 37.587 Thread 0x00000000260ad800 nmethod 862 0x00000000033a3c90 code [0x00000000033a3ea0, 0x00000000033a4668]
Event: 37.587 Thread 0x00000000260ad800  863       3       java.util.LinkedList::add (32 bytes)
Event: 37.587 Thread 0x00000000260ad800 nmethod 863 0x00000000033a4a90 code [0x00000000033a4c60, 0x00000000033a5168]
Event: 37.587 Thread 0x00000000260ad800  865       3       java.util.LinkedList::linkBefore (63 bytes)
Event: 37.587 Thread 0x00000000260ad800 nmethod 865 0x00000000033a5390 code [0x00000000033a5500, 0x00000000033a5870]
Event: 37.587 Thread 0x00000000260ad800  866       3       java.util.LinkedList::unlinkLast (64 bytes)
Event: 37.587 Thread 0x00000000260ad800 nmethod 866 0x00000000033a5a10 code [0x00000000033a5b60, 0x00000000033a5db0]
Event: 37.588 Thread 0x00000000260ad800  867 %     3       sun.nio.cs.SingleByte$Decoder::decodeArrayLoop @ 88 (154 bytes)
Event: 37.589 Thread 0x00000000260ad800 nmethod 867% 0x00000000033a5e90 code [0x00000000033a6240, 0x00000000033a82e8]
Event: 37.589 Thread 0x00000000260ad800  869       3       sun.nio.cs.UTF_8$Decoder::decode (779 bytes)

GC Heap History (0 events):
No events

Deoptimization events (3 events):
Event: 0.283 Thread 0x0000000002fb3800 Uncommon trap: reason=unstable_if action=reinterpret pc=0x0000000003223d88 method=java.net.URI.match(CJJ)Z @ 19
Event: 0.437 Thread 0x0000000002fb3800 Uncommon trap: reason=unstable_if action=reinterpret pc=0x00000000032ce2b0 method=java.util.HashMap.getNode(ILjava/lang/Object;)Ljava/util/HashMap$Node; @ 129
Event: 37.582 Thread 0x0000000002fb3800 Uncommon trap: reason=unstable_if action=reinterpret pc=0x0000000003399b08 method=com.esotericsoftware.kryo.io.Input.require(I)I @ 117

Classes redefined (0 events):
No events

Internal exceptions (10 events):
Event: 0.692 Thread 0x0000000002fb3800 Exception <a 'java/lang/NoSuchMethodError': <clinit>> (0x000000071754ad28) thrown at [D:\src\AOSP-openjdk-cygwin\jdk8u\hotspot\src\share\vm\prims\jni.cpp, line 1613]
Event: 0.692 Thread 0x0000000002fb3800 Exception <a 'java/lang/NoSuchMethodError': <clinit>> (0x0000000717552310) thrown at [D:\src\AOSP-openjdk-cygwin\jdk8u\hotspot\src\share\vm\prims\jni.cpp, line 1613]
Event: 0.697 Thread 0x0000000002fb3800 Exception <a 'java/lang/NoSuchMethodError': <clinit>> (0x00000007175b2ae0) thrown at [D:\src\AOSP-openjdk-cygwin\jdk8u\hotspot\src\share\vm\prims\jni.cpp, line 1613]
Event: 0.698 Thread 0x0000000002fb3800 Exception <a 'java/lang/NoSuchMethodError': <clinit>> (0x00000007175d2ca8) thrown at [D:\src\AOSP-openjdk-cygwin\jdk8u\hotspot\src\share\vm\prims\jni.cpp, line 1613]
Event: 0.699 Thread 0x0000000002fb3800 Exception <a 'java/lang/NoSuchMethodError': <clinit>> (0x00000007175db498) thrown at [D:\src\AOSP-openjdk-cygwin\jdk8u\hotspot\src\share\vm\prims\jni.cpp, line 1613]
Event: 0.699 Thread 0x0000000002fb3800 Exception <a 'java/lang/NoSuchMethodError': <clinit>> (0x00000007175e6020) thrown at [D:\src\AOSP-openjdk-cygwin\jdk8u\hotspot\src\share\vm\prims\jni.cpp, line 1613]
Event: 0.701 Thread 0x0000000002fb3800 Exception <a 'java/lang/NoSuchMethodError': <clinit>> (0x00000007176023a8) thrown at [D:\src\AOSP-openjdk-cygwin\jdk8u\hotspot\src\share\vm\prims\jni.cpp, line 1613]
Event: 0.720 Thread 0x0000000002fb3800 Exception <a 'java/lang/NoSuchMethodError': <clinit>> (0x000000071762d9f8) thrown at [D:\src\AOSP-openjdk-cygwin\jdk8u\hotspot\src\share\vm\prims\jni.cpp, line 1613]
Event: 0.722 Thread 0x0000000002fb3800 Exception <a 'java/lang/NoSuchMethodError': <clinit>> (0x00000007176377a8) thrown at [D:\src\AOSP-openjdk-cygwin\jdk8u\hotspot\src\share\vm\prims\jni.cpp, line 1613]
Event: 37.582 Thread 0x0000000002fb3800 Exception <a 'java/io/IOException'> (0x00000007176f0a90) thrown at [D:\src\AOSP-openjdk-cygwin\jdk8u\hotspot\src\share\vm\prims\jni.cpp, line 709]

Events (10 events):
Event: 37.583 loading class org/gradle/internal/operations/BuildOperationIdentifierRegistry
Event: 37.583 loading class org/gradle/internal/operations/BuildOperationIdentifierRegistry done
Event: 37.584 loading class org/gradle/util/internal/LimitedDescription
Event: 37.584 loading class org/gradle/util/internal/LimitedDescription done
Event: 37.588 loading class com/google/common/collect/Lists$ReverseList
Event: 37.588 loading class com/google/common/collect/Lists$ReverseList done
Event: 37.589 loading class com/google/common/collect/Lists$ReverseList$1
Event: 37.589 loading class com/google/common/collect/Lists$ReverseList$1 done
Event: 37.589 loading class org/apache/commons/io/IOUtils
Event: 37.589 loading class org/apache/commons/io/IOUtils done


Dynamic libraries:
0x00007ff7f5f50000 - 0x00007ff7f5f81000 	D:\Programas\Android Studio\jre\bin\java.exe
0x00007ffaefe80000 - 0x00007ffaf0061000 	C:\WINDOWS\SYSTEM32\ntdll.dll
0x00007ffaefd90000 - 0x00007ffaefe42000 	C:\WINDOWS\System32\KERNEL32.DLL
0x00007ffaecf90000 - 0x00007ffaed203000 	C:\WINDOWS\System32\KERNELBASE.dll
0x00007ffaef960000 - 0x00007ffaefa01000 	C:\WINDOWS\System32\ADVAPI32.dll
0x00007ffaed780000 - 0x00007ffaed81e000 	C:\WINDOWS\System32\msvcrt.dll
0x00007ffaef830000 - 0x00007ffaef88b000 	C:\WINDOWS\System32\sechost.dll
0x00007ffaed320000 - 0x00007ffaed444000 	C:\WINDOWS\System32\RPCRT4.dll
0x00007ffaed5e0000 - 0x00007ffaed770000 	C:\WINDOWS\System32\USER32.dll
0x00007ffaec4a0000 - 0x00007ffaec4c0000 	C:\WINDOWS\System32\win32u.dll
0x00007ffaee240000 - 0x00007ffaee268000 	C:\WINDOWS\System32\GDI32.dll
0x00007ffaec250000 - 0x00007ffaec3e2000 	C:\WINDOWS\System32\gdi32full.dll
0x00007ffaecef0000 - 0x00007ffaecf8f000 	C:\WINDOWS\System32\msvcp_win.dll
0x00007ffaed210000 - 0x00007ffaed30a000 	C:\WINDOWS\System32\ucrtbase.dll
0x00007ffad2720000 - 0x00007ffad2989000 	C:\WINDOWS\WinSxS\amd64_microsoft.windows.common-controls_6595b64144ccf1df_6.0.17134.48_none_b4b2216a3cb4dd3e\COMCTL32.dll
0x00007ffaedf10000 - 0x00007ffaee233000 	C:\WINDOWS\System32\combase.dll
0x00007ffaec700000 - 0x00007ffaec77a000 	C:\WINDOWS\System32\bcryptPrimitives.dll
0x00007ffaed4b0000 - 0x00007ffaed4dd000 	C:\WINDOWS\System32\IMM32.DLL
0x00000000523e0000 - 0x00000000524b2000 	D:\Programas\Android Studio\jre\jre\bin\msvcr100.dll
0x0000000051ae0000 - 0x000000005231f000 	D:\Programas\Android Studio\jre\jre\bin\server\jvm.dll
0x00007ffaed310000 - 0x00007ffaed318000 	C:\WINDOWS\System32\PSAPI.DLL
0x00007ffad9640000 - 0x00007ffad9649000 	C:\WINDOWS\SYSTEM32\WSOCK32.dll
0x00007ffae9ff0000 - 0x00007ffaea013000 	C:\WINDOWS\SYSTEM32\WINMM.dll
0x00007ffaeddf0000 - 0x00007ffaede5c000 	C:\WINDOWS\System32\WS2_32.dll
0x00007ffae6db0000 - 0x00007ffae6dba000 	C:\WINDOWS\SYSTEM32\VERSION.dll
0x00007ffae9ed0000 - 0x00007ffae9efa000 	C:\WINDOWS\SYSTEM32\WINMMBASE.dll
0x00007ffaec6b0000 - 0x00007ffaec6f9000 	C:\WINDOWS\System32\cfgmgr32.dll
0x00007ffae7500000 - 0x00007ffae750f000 	D:\Programas\Android Studio\jre\jre\bin\verify.dll
0x00007ffae6480000 - 0x00007ffae64a9000 	D:\Programas\Android Studio\jre\jre\bin\java.dll
0x00007ffae58c0000 - 0x00007ffae58d6000 	D:\Programas\Android Studio\jre\jre\bin\zip.dll
0x00007ffaee390000 - 0x00007ffaef7d0000 	C:\WINDOWS\System32\SHELL32.dll
0x00007ffaede60000 - 0x00007ffaedf09000 	C:\WINDOWS\System32\shcore.dll
0x00007ffaec7e0000 - 0x00007ffaeceed000 	C:\WINDOWS\System32\windows.storage.dll
0x00007ffaed450000 - 0x00007ffaed4a1000 	C:\WINDOWS\System32\shlwapi.dll
0x00007ffaec210000 - 0x00007ffaec221000 	C:\WINDOWS\System32\kernel.appcore.dll
0x00007ffaec230000 - 0x00007ffaec24f000 	C:\WINDOWS\System32\profapi.dll
0x00007ffaec1b0000 - 0x00007ffaec1fc000 	C:\WINDOWS\System32\powrprof.dll
0x00007ffaec200000 - 0x00007ffaec20a000 	C:\WINDOWS\System32\FLTLIB.DLL
0x00007ffae4fa0000 - 0x00007ffae4fba000 	D:\Programas\Android Studio\jre\jre\bin\net.dll
0x00007ffaeba10000 - 0x00007ffaeba76000 	C:\WINDOWS\system32\mswsock.dll
0x00007ffae4f80000 - 0x00007ffae4f91000 	D:\Programas\Android Studio\jre\jre\bin\nio.dll
0x00007ffae4f20000 - 0x00007ffae4f3e000 	C:\Users\Dani\.gradle\native\25\windows-amd64\native-platform.dll
0x00007ffae74f0000 - 0x00007ffae74fd000 	D:\Programas\Android Studio\jre\jre\bin\management.dll
0x00007ffaebbd0000 - 0x00007ffaebbe7000 	C:\WINDOWS\SYSTEM32\CRYPTSP.dll
0x00007ffaeb5f0000 - 0x00007ffaeb623000 	C:\WINDOWS\system32\rsaenh.dll
0x00007ffaebcf0000 - 0x00007ffaebd15000 	C:\WINDOWS\SYSTEM32\bcrypt.dll
0x00007ffaec090000 - 0x00007ffaec0b8000 	C:\WINDOWS\SYSTEM32\USERENV.dll
0x00007ffaebbc0000 - 0x00007ffaebbcb000 	C:\WINDOWS\SYSTEM32\CRYPTBASE.dll
0x00007ffaeb790000 - 0x00007ffaeb7c8000 	C:\WINDOWS\SYSTEM32\IPHLPAPI.DLL
0x00007ffaed4e0000 - 0x00007ffaed4e8000 	C:\WINDOWS\System32\NSI.dll
0x00007ffae7380000 - 0x00007ffae7396000 	C:\WINDOWS\SYSTEM32\dhcpcsvc6.DLL
0x00007ffae7350000 - 0x00007ffae736a000 	C:\WINDOWS\SYSTEM32\dhcpcsvc.DLL

VM Arguments:
jvm_args: -Dorg.gradle.appname=gradlew 
java_command: org.gradle.wrapper.GradleWrapperMain -q -Ptarget=C:\Users\Dani\Documents\GitHub\Flutter 2\MiMenu\mimenu\lib\main.dart assembleDebug
java_class_path (initial): C:\Users\Dani\Documents\GitHub\Flutter 2\MiMenu\mimenu\android\\gradle\wrapper\gradle-wrapper.jar
Launcher Type: SUN_STANDARD

Environment Variables:
JAVA_HOME=D:\Programas\Android Studio\jre
CLASSPATH=C:\Users\Dani\Documents\GitHub\Flutter 2\MiMenu\mimenu\android\\gradle\wrapper\gradle-wrapper.jar
PATH=C:\Program Files (x86)\Intel\iCLS Client\;C:\Program Files\Intel\iCLS Client\;C:\Windows\system32;C:\Windows;C:\Windows\System32\Wbem;C:\Windows\System32\WindowsPowerShell\v1.0\;C:\Program Files (x86)\NVIDIA Corporation\PhysX\Common;C:\Program Files (x86)\GtkSharp\2.12\bin;C:\WINDOWS\system32;C:\WINDOWS;C:\WINDOWS\System32\Wbem;C:\WINDOWS\System32\WindowsPowerShell\v1.0\;C:\Users\Dani\.dnx\bin;C:\Program Files\Microsoft DNX\Dnvm\;C:\Program Files\Microsoft SQL Server\130\Tools\Binn\;C:\Program Files (x86)\Microsoft Emulator Manager\1.0\;C:\Program Files\Microsoft\Web Platform Installer\;C:\Program Files (x86)\Microsoft SQL Server\110\DTS\Binn\;C:\Program Files (x86)\Microsoft SQL Server\120\DTS\Binn\;C:\Program Files (x86)\Microsoft SQL Server\130\DTS\Binn\;C:\Program Files\dotnet\;C:\Program Files\Git\cmd;C:\Program Files (x86)\Intel\Intel(R) Management Engine Components\DAL;C:\Program Files\Intel\Intel(R) Management Engine Components\DAL;C:\Program Files (x86)\Intel\Intel(R) Management Engine Components\IPT;C:\Program Files\Intel\Intel(R) Management Engine Components\IPT;C:\Program Files\OpenSSH\bin;C:\Program Files\nodejs\;C:\WINDOWS\System32\OpenSSH\;C:\Users\Dani\AppData\Local\Programs\Python\Python36-32\Scripts\;C:\Users\Dani\AppData\Local\Programs\Python\Python36-32\;C:\Users\Dani\AppData\Local\Microsoft\WindowsApps;C:\Program Files (x86)\Microsoft VS Code\bin;C:\Users\Dani\Documents\GitHub\flutter\bin;C:\Program Files\Heroku\bin;C:\Users\Dani\AppData\Roaming\npm;
USERNAME=Dani
OS=Windows_NT
PROCESSOR_IDENTIFIER=Intel64 Family 6 Model 94 Stepping 3, GenuineIntel



---------------  S Y S T E M  ---------------

OS: Windows 10.0 , 64 bit Build 17134 (10.0.17134.1)

CPU:total 8 (initial active 8) (4 cores per cpu, 2 threads per core) family 6 model 94 stepping 3, cmov, cx8, fxsr, mmx, sse, sse2, sse3, ssse3, sse4.1, sse4.2, popcnt, avx, avx2, aes, clmul, erms, rtm, 3dnowpref, lzcnt, ht, tsc, tscinvbit, bmi1, bmi2, adx

Memory: 4k page, physical 33496760k(16403520k free), swap 34545336k(2680k free)

vm_info: OpenJDK 64-Bit Server VM (25.152-b02) for windows-amd64 JRE (1.8.0_152-release-1024-b02), built by "builder" with MS VC++ 10.0 (VS2010)

time: Fri Jun 01 18:54:09 2018
elapsed time: 37 seconds (0d 0h 0m 37s)

